<?xml version="1.0" encoding="UTF-8"?>
<!-- Generated by org.testng.reporters.JUnitXMLReporter -->
<testsuite hostname="DESKTOP-3L9UGKR" ignored="0" name="Default test" tests="5" failures="0" timestamp="19 May 2021 21:24:29 GMT" time="42.098" errors="0">
  <testcase name="tc1" time="3.388" classname="com.Amazon.AmazonAssessment"/>
  <testcase name="tc2" time="10.064" classname="com.Amazon.AmazonAssessment"/>
  <testcase name="tc3" time="0.416" classname="com.Amazon.AmazonAssessment"/>
  <testcase name="tc4" time="10.002" classname="com.Amazon.AmazonAssessment"/>
  <testcase name="tc5" time="4.084" classname="com.Amazon.AmazonAssessment"/>
</testsuite> <!-- Default test -->
